  MathHelper.cpp
C:\Program Files (x86)\Microsoft DirectX SDK (June 2010)\Include\xnamath.h(2662): warning C4838: conversion from 'unsigned int' to 'INT' requires a narrowing conversion
C:\Program Files (x86)\Microsoft DirectX SDK (June 2010)\Include\xnamath.h(2663): warning C4838: conversion from 'unsigned int' to 'INT' requires a narrowing conversion
C:\Program Files (x86)\Microsoft DirectX SDK (June 2010)\Include\xnamath.h(2664): warning C4838: conversion from 'unsigned int' to 'INT' requires a narrowing conversion
C:\Program Files (x86)\Microsoft DirectX SDK (June 2010)\Include\xnamath.h(2665): warning C4838: conversion from 'unsigned int' to 'INT' requires a narrowing conversion
C:\Program Files (x86)\Microsoft DirectX SDK (June 2010)\Include\xnamath.h(2666): warning C4838: conversion from 'unsigned int' to 'INT' requires a narrowing conversion
C:\Program Files (x86)\Microsoft DirectX SDK (June 2010)\Include\xnamath.h(2667): warning C4838: conversion from 'unsigned int' to 'INT' requires a narrowing conversion
C:\Program Files (x86)\Microsoft DirectX SDK (June 2010)\Include\xnamath.h(2668): warning C4838: conversion from 'unsigned int' to 'INT' requires a narrowing conversion
C:\Program Files (x86)\Microsoft DirectX SDK (June 2010)\Include\xnamath.h(2689): warning C4838: conversion from 'unsigned int' to 'INT' requires a narrowing conversion
C:\Program Files (x86)\Microsoft DirectX SDK (June 2010)\Include\xnamath.h(2690): warning C4838: conversion from 'unsigned int' to 'INT' requires a narrowing conversion
C:\Program Files (x86)\Microsoft DirectX SDK (June 2010)\Include\xnamath.h(2691): warning C4838: conversion from 'unsigned int' to 'INT' requires a narrowing conversion
C:\Program Files (x86)\Microsoft DirectX SDK (June 2010)\Include\xnamath.h(2694): warning C4838: conversion from 'unsigned int' to 'INT' requires a narrowing conversion
C:\Program Files (x86)\Microsoft DirectX SDK (June 2010)\Include\xnamath.h(2695): warning C4838: conversion from 'unsigned int' to 'INT' requires a narrowing conversion
C:\Program Files (x86)\Microsoft DirectX SDK (June 2010)\Include\xnamath.h(2698): warning C4838: conversion from 'unsigned int' to 'INT' requires a narrowing conversion
C:\Program Files (x86)\Microsoft DirectX SDK (June 2010)\Include\xnamath.h(2702): warning C4838: conversion from 'unsigned int' to 'INT' requires a narrowing conversion
C:\Program Files (x86)\Microsoft DirectX SDK (June 2010)\Include\xnamath.h(2712): warning C4838: conversion from 'unsigned int' to 'INT' requires a narrowing conversion
C:\Program Files (x86)\Microsoft DirectX SDK (June 2010)\Include\xnamath.h(2713): warning C4838: conversion from 'unsigned int' to 'INT' requires a narrowing conversion
C:\Program Files (x86)\Microsoft DirectX SDK (June 2010)\Include\xnamath.h(2715): warning C4838: conversion from 'unsigned int' to 'INT' requires a narrowing conversion
C:\Program Files (x86)\Microsoft DirectX SDK (June 2010)\Include\xnamath.h(2716): warning C4838: conversion from 'unsigned int' to 'INT' requires a narrowing conversion
C:\Program Files (x86)\Microsoft DirectX SDK (June 2010)\Include\xnamath.h(2717): warning C4838: conversion from 'unsigned int' to 'INT' requires a narrowing conversion
C:\Program Files (x86)\Microsoft DirectX SDK (June 2010)\Include\xnamath.h(2727): warning C4838: conversion from 'unsigned int' to 'INT' requires a narrowing conversion
C:\Program Files (x86)\Microsoft DirectX SDK (June 2010)\Include\xnamath.h(2728): warning C4838: conversion from 'unsigned int' to 'INT' requires a narrowing conversion
C:\Program Files (x86)\Microsoft DirectX SDK (June 2010)\Include\xnamath.h(2729): warning C4838: conversion from 'unsigned int' to 'INT' requires a narrowing conversion
C:\Program Files (x86)\Microsoft DirectX SDK (June 2010)\Include\xnamath.h(2730): warning C4838: conversion from 'unsigned int' to 'INT' requires a narrowing conversion
C:\Program Files (x86)\Microsoft DirectX SDK (June 2010)\Include\xnamath.h(2731): warning C4838: conversion from 'unsigned int' to 'INT' requires a narrowing conversion
C:\Program Files (x86)\Microsoft DirectX SDK (June 2010)\Include\xnamath.h(2732): warning C4838: conversion from 'unsigned int' to 'INT' requires a narrowing conversion
C:\Program Files (x86)\Microsoft DirectX SDK (June 2010)\Include\xnamath.h(2742): warning C4838: conversion from 'unsigned int' to 'INT' requires a narrowing conversion
C:\Program Files (x86)\Microsoft DirectX SDK (June 2010)\Include\xnamath.h(2743): warning C4838: conversion from 'unsigned int' to 'INT' requires a narrowing conversion
C:\Program Files (x86)\Microsoft DirectX SDK (June 2010)\Include\xnamath.h(2754): warning C4838: conversion from 'unsigned int' to 'INT' requires a narrowing conversion
c:\program files (x86)\microsoft directx sdk (june 2010)\include\xnamathconvert.inl(2254): warning C4838: conversion from 'unsigned int' to 'INT' requires a narrowing conversion
c:\program files (x86)\microsoft directx sdk (june 2010)\include\xnamathconvert.inl(4523): warning C4838: conversion from 'unsigned int' to 'INT' requires a narrowing conversion
c:\program files (x86)\microsoft directx sdk (june 2010)\include\xnamathconvert.inl(4577): warning C4838: conversion from 'unsigned int' to 'INT' requires a narrowing conversion
c:\program files (x86)\microsoft directx sdk (june 2010)\include\xnamathconvert.inl(4639): warning C4838: conversion from 'unsigned int' to 'INT' requires a narrowing conversion
c:\program files (x86)\microsoft directx sdk (june 2010)\include\xnamathconvert.inl(4707): warning C4838: conversion from 'unsigned int' to 'INT' requires a narrowing conversion
c:\program files (x86)\microsoft directx sdk (june 2010)\include\xnamathconvert.inl(4770): warning C4838: conversion from 'unsigned int' to 'INT' requires a narrowing conversion
c:\program files (x86)\microsoft directx sdk (june 2010)\include\xnamathconvert.inl(4832): warning C4838: conversion from 'unsigned int' to 'INT' requires a narrowing conversion
c:\program files (x86)\microsoft directx sdk (june 2010)\include\xnamathmisc.inl(518): warning C4838: conversion from 'unsigned int' to 'INT' requires a narrowing conversion
c:\program files (x86)\microsoft directx sdk (june 2010)\include\xnamathmisc.inl(519): warning C4838: conversion from 'unsigned int' to 'INT' requires a narrowing conversion
  Generating code
  0 of 918 functions ( 0.0%) were compiled, the rest were copied from previous compilation.
    0 functions were new in current compilation
    47 functions had inline decision re-evaluated but remain unchanged
  Finished generating code
Effects11.lib(d3dxGlobal.obj) : warning LNK4099: PDB 'Effects11.pdb' was not found with 'Effects11.lib(d3dxGlobal.obj)' or at 'C:\Users\user\Documents\GitHub\GameEngine_DX11\DX11_examples\d3d11CodeSet3\Chapter 22 Ambient Occlusion\Ssao\Release\Effects11.pdb'; linking object as if no debug info
Effects11.lib(EffectAPI.obj) : warning LNK4099: PDB 'Effects11.pdb' was not found with 'Effects11.lib(EffectAPI.obj)' or at 'C:\Users\user\Documents\GitHub\GameEngine_DX11\DX11_examples\d3d11CodeSet3\Chapter 22 Ambient Occlusion\Ssao\Release\Effects11.pdb'; linking object as if no debug info
Effects11.lib(EffectLoad.obj) : warning LNK4099: PDB 'Effects11.pdb' was not found with 'Effects11.lib(EffectLoad.obj)' or at 'C:\Users\user\Documents\GitHub\GameEngine_DX11\DX11_examples\d3d11CodeSet3\Chapter 22 Ambient Occlusion\Ssao\Release\Effects11.pdb'; linking object as if no debug info
Effects11.lib(EffectNonRuntime.obj) : warning LNK4099: PDB 'Effects11.pdb' was not found with 'Effects11.lib(EffectNonRuntime.obj)' or at 'C:\Users\user\Documents\GitHub\GameEngine_DX11\DX11_examples\d3d11CodeSet3\Chapter 22 Ambient Occlusion\Ssao\Release\Effects11.pdb'; linking object as if no debug info
Effects11.lib(EffectReflection.obj) : warning LNK4099: PDB 'Effects11.pdb' was not found with 'Effects11.lib(EffectReflection.obj)' or at 'C:\Users\user\Documents\GitHub\GameEngine_DX11\DX11_examples\d3d11CodeSet3\Chapter 22 Ambient Occlusion\Ssao\Release\Effects11.pdb'; linking object as if no debug info
Effects11.lib(EffectRuntime.obj) : warning LNK4099: PDB 'Effects11.pdb' was not found with 'Effects11.lib(EffectRuntime.obj)' or at 'C:\Users\user\Documents\GitHub\GameEngine_DX11\DX11_examples\d3d11CodeSet3\Chapter 22 Ambient Occlusion\Ssao\Release\Effects11.pdb'; linking object as if no debug info
  Ssao.vcxproj -> C:\Users\user\Documents\GitHub\GameEngine_DX11\DX11_examples\d3d11CodeSet3\Chapter 22 Ambient Occlusion\Ssao\Release\Ssao.exe
  Ssao.vcxproj -> C:\Users\user\Documents\GitHub\GameEngine_DX11\DX11_examples\d3d11CodeSet3\Chapter 22 Ambient Occlusion\Ssao\Release\Ssao.pdb (Full PDB)
